BancoDadosExample/app/build/intermediates/manifest_merge_blame_file/debug/processDebugMainManifest/manifest-merger-blame-debug-report.txt
1<?xml version="1.0" encoding="utf-8"?>
2<manifest xmlns:android="http://schemas.android.com/apk/res/android"
3    package="com.example.bancodadosexample"
4    android:versionCode="1"
5    android:versionName="1.0" >
6
7    <uses-sdk
7-->src\main\AndroidManifest.xml:6:5-8:41
8        android:minSdkVersion="8"
8-->src\main\AndroidManifest.xml:7:9-34
9        android:targetSdkVersion="15" />
9-->src\main\AndroidManifest.xml:8:9-38
10
11    <application
11-->src\main\AndroidManifest.xml:10:5-28:19
12        android:name="com.example.bancodadosexample.MyApp"
12-->src\main\AndroidManifest.xml:11:9-30
13        android:debuggable="true"
14        android:extractNativeLibs="true"
15        android:icon="@drawable/ic_launcher"
15-->src\main\AndroidManifest.xml:12:9-45
16        android:label="@string/app_name"
16-->src\main\AndroidManifest.xml:13:9-41
17        android:testOnly="true"
18        android:theme="@style/AppTheme" >
18-->src\main\AndroidManifest.xml:14:9-40
19        <activity
19-->src\main\AndroidManifest.xml:15:9-23:20
20            android:name="com.example.bancodadosexample.PrincipalBD"
20-->src\main\AndroidManifest.xml:16:13-40
21            android:label="@string/title_activity_princial_bd" >
21-->src\main\AndroidManifest.xml:17:13-63
22            <intent-filter>
22-->src\main\AndroidManifest.xml:18:13-22:29
23                <action android:name="android.intent.action.MAIN" />
23-->src\main\AndroidManifest.xml:19:17-69
23-->src\main\AndroidManifest.xml:19:25-66
24
25                <category android:name="android.intent.category.LAUNCHER" />
25-->src\main\AndroidManifest.xml:21:17-77
25-->src\main\AndroidManifest.xml:21:27-74
26            </intent-filter>
27        </activity>
28        <activity
28-->src\main\AndroidManifest.xml:24:9-27:20
29            android:name="com.example.bancodadosexample.CadastrarAutor"
29-->src\main\AndroidManifest.xml:25:13-43
30            android:label="@string/title_activity_cadastar_autor" >
30-->src\main\AndroidManifest.xml:26:13-66
31        </activity>
32    </application>
33
34</manifest>